<?xml version="1.0" encoding="UTF-8"?>
<!-- Generated by org.testng.reporters.JUnitReportReporter -->
<testsuite hostname="manishs-MacBook-Air.local" failures="0" tests="1" name="com.ebankingprpject.TestCases.TC_004_CaptureScreenShotsTest" time="16.486" errors="0" timestamp="2023-08-08T21:41:24 IST" skipped="0">
  <testcase classname="com.ebankingprpject.TestCases.TC_004_CaptureScreenShotsTest" name="Tc_CaptureScreenShotsTest" time="16.486"/>
  <system-out/>
</testsuite> <!-- com.ebankingprpject.TestCases.TC_004_CaptureScreenShotsTest -->
